<?xml version="1.0" encoding="UTF-8"?>
<!-- Generated by org.testng.reporters.JUnitXMLReporter -->
<testsuite ignored="0" hostname="DESKTOP-MGM496J" failures="3" tests="5" name="Test" time="32.528" errors="0" timestamp="2026-09-22T14:17:36 IST">
  <testcase classname="testCases.TC_LoginDDT_02" name="loginDDT" time="6.118"/>
  <testcase classname="testCases.TC_LoginDDT_02" name="loginDDT" time="2.592">
    <failure type="java.lang.AssertionError" message="Login failed expected [true] but found [false]">
      <![CDATA[java.lang.AssertionError: Login failed expected [true] but found [false]
at testCases.TC_LoginDDT_02.loginDDT(TC_LoginDDT_02.java:40)
at java.base/java.util.ArrayList.forEach(ArrayList.java:1604)
... Removed 28 stack frames]]>
    </failure>
  </testcase> <!-- loginDDT -->
  <testcase classname="testCases.TC_LoginDDT_02" name="loginDDT" time="2.585">
    <failure type="java.lang.AssertionError" message="Login failed expected [true] but found [false]">
      <![CDATA[java.lang.AssertionError: Login failed expected [true] but found [false]
at testCases.TC_LoginDDT_02.loginDDT(TC_LoginDDT_02.java:40)
at java.base/java.util.ArrayList.forEach(ArrayList.java:1604)
... Removed 28 stack frames]]>
    </failure>
  </testcase> <!-- loginDDT -->
  <testcase classname="testCases.TC_LoginDDT_02" name="loginDDT" time="2.595">
    <failure type="java.lang.AssertionError" message="Login failed expected [true] but found [false]">
      <![CDATA[java.lang.AssertionError: Login failed expected [true] but found [false]
at testCases.TC_LoginDDT_02.loginDDT(TC_LoginDDT_02.java:40)
at java.base/java.util.ArrayList.forEach(ArrayList.java:1604)
... Removed 28 stack frames]]>
    </failure>
  </testcase> <!-- loginDDT -->
  <testcase classname="testCases.TC_LoginDDT_02" name="loginDDT" time="5.876"/>
</testsuite> <!-- Test -->
