<?xml version="1.0" encoding="UTF-8"?>
<!-- Generated by org.testng.reporters.JUnitXMLReporter -->
<testsuite ignored="0" hostname="DESKTOP-MGM496J" failures="4" tests="5" name="Test" time="25.97" errors="0" timestamp="2026-09-18T11:10:00 IST">
  <testcase classname="testCases.TC_LoginDDT_02" name="loginDDT" time="5.891"/>
  <testcase classname="testCases.TC_LoginDDT_02" name="loginDDT" time="2.375">
    <failure type="java.lang.AssertionError" message="login failed expected [true] but found [false]">
      <![CDATA[java.lang.AssertionError: login failed expected [true] but found [false]
at testCases.TC_LoginDDT_02.loginDDT(TC_LoginDDT_02.java:37)
at java.base/java.util.ArrayList.forEach(ArrayList.java:1604)
... Removed 32 stack frames]]>
    </failure>
  </testcase> <!-- loginDDT -->
  <testcase classname="testCases.TC_LoginDDT_02" name="loginDDT" time="2.368">
    <failure type="java.lang.AssertionError" message="login failed expected [true] but found [false]">
      <![CDATA[java.lang.AssertionError: login failed expected [true] but found [false]
at testCases.TC_LoginDDT_02.loginDDT(TC_LoginDDT_02.java:37)
at java.base/java.util.ArrayList.forEach(ArrayList.java:1604)
... Removed 32 stack frames]]>
    </failure>
  </testcase> <!-- loginDDT -->
  <testcase classname="testCases.TC_LoginDDT_02" name="loginDDT" time="2.343">
    <failure type="java.lang.AssertionError" message="login failed expected [true] but found [false]">
      <![CDATA[java.lang.AssertionError: login failed expected [true] but found [false]
at testCases.TC_LoginDDT_02.loginDDT(TC_LoginDDT_02.java:37)
at java.base/java.util.ArrayList.forEach(ArrayList.java:1604)
... Removed 32 stack frames]]>
    </failure>
  </testcase> <!-- loginDDT -->
  <testcase classname="testCases.TC_LoginDDT_02" name="loginDDT" time="2.372">
    <failure type="java.lang.AssertionError" message="login failed expected [true] but found [false]">
      <![CDATA[java.lang.AssertionError: login failed expected [true] but found [false]
at testCases.TC_LoginDDT_02.loginDDT(TC_LoginDDT_02.java:37)
at java.base/java.util.ArrayList.forEach(ArrayList.java:1604)
... Removed 32 stack frames]]>
    </failure>
  </testcase> <!-- loginDDT -->
</testsuite> <!-- Test -->
