<?xml version="1.0" encoding="UTF-8"?>
<testng-results ignored="0" total="1" passed="1" failed="0" skipped="0">
  <reporter-output>
  </reporter-output>
  <suite started-at="2026-08-03T16:57:43 IST" name="Suite" finished-at="2026-08-03T16:57:51 IST" duration-ms="7708">
    <groups>
    </groups>
    <test started-at="2026-08-03T16:57:43 IST" name="Test" finished-at="2026-08-03T16:57:51 IST" duration-ms="7708">
      <class name="testCases.TC_LoginTest_01">
        <test-method is-config="true" signature="setup(java.lang.String)[pri:0, instance:testCases.TC_LoginTest_01@1b955cac]" started-at="2026-08-03T16:57:44 IST" name="setup" finished-at="2026-08-03T16:57:50 IST" duration-ms="6156" status="PASS">
          <params>
            <param index="0">
              <value>
                <![CDATA[chrome]]>
              </value>
            </param>
          </params>
          <reporter-output>
          </reporter-output>
        </test-method> <!-- setup -->
        <test-method signature="loginTest()[pri:0, instance:testCases.TC_LoginTest_01@1b955cac]" started-at="2026-08-03T16:57:50 IST" name="loginTest" finished-at="2026-08-03T16:57:51 IST" duration-ms="802" status="PASS">
          <reporter-output>
          </reporter-output>
        </test-method> <!-- loginTest -->
        <test-method is-config="true" signature="tearDown()[pri:0, instance:testCases.TC_LoginTest_01@1b955cac]" started-at="2026-08-03T16:57:51 IST" name="tearDown" finished-at="2026-08-03T16:57:51 IST" duration-ms="306" status="PASS">
          <reporter-output>
          </reporter-output>
        </test-method> <!-- tearDown -->
      </class> <!-- testCases.TC_LoginTest_01 -->
    </test> <!-- Test -->
  </suite> <!-- Suite -->
</testng-results>
