<?xml version="1.0" encoding="UTF-8"?>
<testng-results ignored="0" total="1" passed="1" failed="0" skipped="0">
  <reporter-output>
  </reporter-output>
  <suite started-at="2026-05-13T15:29:05 IST" name="Suite" finished-at="2026-05-13T15:29:19 IST" duration-ms="14468">
    <groups>
    </groups>
    <test started-at="2026-05-13T15:29:05 IST" name="Test" finished-at="2026-05-13T15:29:19 IST" duration-ms="14468">
      <class name="testCases.TC_LoginTest_01">
        <test-method is-config="true" signature="setup(java.lang.String)[pri:0, instance:testCases.TC_LoginTest_01@2cc3ad05]" started-at="2026-05-13T15:29:06 IST" name="setup" finished-at="2026-05-13T15:29:14 IST" duration-ms="8143" status="PASS">
          <params>
            <param index="0">
              <value>
                <![CDATA[chrome]]>
              </value>
            </param>
          </params>
          <reporter-output>
          </reporter-output>
        </test-method> <!-- setup -->
        <test-method signature="loginTest()[pri:0, instance:testCases.TC_LoginTest_01@2cc3ad05]" started-at="2026-05-13T15:29:14 IST" name="loginTest" finished-at="2026-05-13T15:29:17 IST" duration-ms="3029" status="PASS">
          <reporter-output>
          </reporter-output>
        </test-method> <!-- loginTest -->
        <test-method is-config="true" signature="tearDown()[pri:0, instance:testCases.TC_LoginTest_01@2cc3ad05]" started-at="2026-05-13T15:29:17 IST" name="tearDown" finished-at="2026-05-13T15:29:19 IST" duration-ms="2242" status="PASS">
          <reporter-output>
          </reporter-output>
        </test-method> <!-- tearDown -->
      </class> <!-- testCases.TC_LoginTest_01 -->
    </test> <!-- Test -->
  </suite> <!-- Suite -->
</testng-results>
